2023/09/21 18:29:22 [error] 9#9: *6 FastCGI sent in stderr: "PHP message: PDOException: SQLSTATE[HY000] [2002] Connection refused in /var/www/html/core/lib/Drupal/Component/DependencyInjection/PhpArrayContainer.php on line 79 #0 /var/www/html/core/lib/Drupal/Core/Database/Driver/mysql/Connection.php(420): PDO->__construct('mysql:host=172....', 'root', 'root_password', Array)
#1 /var/www/html/core/lib/Drupal/Core/Database/Database.php(371): Drupal\Core\Database\Driver\mysql\Connection::open(Array)
#2 /var/www/html/core/lib/Drupal/Core/Database/Database.php(166): Drupal\Core\Database\Database::openConnection('default', 'default')
#3 [internal function]: Drupal\Core\Database\Database::getConnection('default')
#4 /var/www/html/core/lib/Drupal/Component/DependencyInjection/PhpArrayContainer.php(79): call_user_func_array('Drupal\\Core\\Dat...', Array)
#5 /var/www/html/core/lib/Drupal/Component/DependencyInjection/Container.php(173): Drupal\Component\DependencyInjection\PhpArrayContainer->createService(Array, 'database')
#6 /var/www/html/core/lib/Drupal/Component/DependencyInjection/PhpArrayContainer.php(260): Drupal\Component\DependencyInjection\Container->get('database', 1)
#7 /var/www/html/core/lib/Drupal/Component/DependencyInjection/PhpArrayContainer.php(62): Drupal\Component\DependencyInjection\PhpArrayContainer->resolveServicesAndParameters(Array)
#8 /var/www/html/core/lib/Drupal/Component/DependencyInjection/Container.php(173): Drupal\Component\DependencyInjection\PhpArrayContainer->createService(Array, 'cache.container')
#9 /var/www/html/core/lib/Drupal/Core/DrupalKernel.php(543): Drupal\Component\DependencyInjection\Container->get('cache.container')
#10 /var/www/html/core/lib/Drupal/Core/DrupalKernel.php(904): Drupal\Core\DrupalKernel->getCachedContainerDefinition()
#11 /var/www/html/core/lib/Drupal/Core/DrupalKernel.php(476): Drupal\Core\DrupalKernel->initializeContainer()
#12 /var/www/html/core/lib/Drupal/Core/DrupalKernel.php(692): Drupal\Core\DrupalKernel->boot()
#13 /var/www/html/index.php(19): Drupal\Co
2023/09/21 18:29:22 [error] 9#9: *6 FastCGI sent in stderr: "PHP message: PDOException: SQLSTATE[HY000] [2002] Connection refused in /var/www/html/core/lib/Drupal/Component/DependencyInjection/PhpArrayContainer.php on line 79 #0 /var/www/html/core/lib/Drupal/Core/Database/Driver/mysql/Connection.php(420): PDO->__construct('mysql:host=172....', 'root', 'root_password', Array)
#1 /var/www/html/core/lib/Drupal/Core/Database/Database.php(371): Drupal\Core\Database\Driver\mysql\Connection::open(Array)
#2 /var/www/html/core/lib/Drupal/Core/Database/Database.php(166): Drupal\Core\Database\Database::openConnection('default', 'default')
#3 [internal function]: Drupal\Core\Database\Database::getConnection('default')
#4 /var/www/html/core/lib/Drupal/Component/DependencyInjection/PhpArrayContainer.php(79): call_user_func_array('Drupal\\Core\\Dat...', Array)
#5 /var/www/html/core/lib/Drupal/Component/DependencyInjection/Container.php(173): Drupal\Component\DependencyInjection\PhpArrayContainer->createService(Array, 'database')
#6 /var/www/html/core/lib/Drupal/Component/DependencyInjection/PhpArrayContainer.php(260): Drupal\Component\DependencyInjection\Container->get('database', 1)
#7 /var/www/html/core/lib/Drupal/Component/DependencyInjection/PhpArrayContainer.php(62): Drupal\Component\DependencyInjection\PhpArrayContainer->resolveServicesAndParameters(Array)
#8 /var/www/html/core/lib/Drupal/Component/DependencyInjection/Container.php(173): Drupal\Component\DependencyInjection\PhpArrayContainer->createService(Array, 'cache.container')
#9 /var/www/html/core/lib/Drupal/Core/DrupalKernel.php(543): Drupal\Component\DependencyInjection\Container->get('cache.container')
#10 /var/www/html/core/lib/Drupal/Core/DrupalKernel.php(904): Drupal\Core\DrupalKernel->getCachedContainerDefinition()
#11 /var/www/html/core/lib/Drupal/Core/DrupalKernel.php(476): Drupal\Core\DrupalKernel->initializeContainer()
#12 /var/www/html/core/lib/Drupal/Core/DrupalKernel.php(692): Drupal\Core\DrupalKernel->boot()
#13 /var/www/html/index.php(19): Drupal\Co
2023/09/21 18:42:35 [error] 7#7: *9 FastCGI sent in stderr: "PHP message: PDOException: SQLSTATE[HY000] [2002] Connection refused in /var/www/html/core/lib/Drupal/Component/DependencyInjection/PhpArrayContainer.php on line 79 #0 /var/www/html/core/lib/Drupal/Core/Database/Driver/mysql/Connection.php(420): PDO->__construct('mysql:host=172....', 'root', 'root_password', Array)
#1 /var/www/html/core/lib/Drupal/Core/Database/Database.php(371): Drupal\Core\Database\Driver\mysql\Connection::open(Array)
#2 /var/www/html/core/lib/Drupal/Core/Database/Database.php(166): Drupal\Core\Database\Database::openConnection('default', 'default')
#3 [internal function]: Drupal\Core\Database\Database::getConnection('default')
#4 /var/www/html/core/lib/Drupal/Component/DependencyInjection/PhpArrayContainer.php(79): call_user_func_array('Drupal\\Core\\Dat...', Array)
#5 /var/www/html/core/lib/Drupal/Component/DependencyInjection/Container.php(173): Drupal\Component\DependencyInjection\PhpArrayContainer->createService(Array, 'database')
#6 /var/www/html/core/lib/Drupal/Component/DependencyInjection/PhpArrayContainer.php(260): Drupal\Component\DependencyInjection\Container->get('database', 1)
#7 /var/www/html/core/lib/Drupal/Component/DependencyInjection/PhpArrayContainer.php(62): Drupal\Component\DependencyInjection\PhpArrayContainer->resolveServicesAndParameters(Array)
#8 /var/www/html/core/lib/Drupal/Component/DependencyInjection/Container.php(173): Drupal\Component\DependencyInjection\PhpArrayContainer->createService(Array, 'cache.container')
#9 /var/www/html/core/lib/Drupal/Core/DrupalKernel.php(543): Drupal\Component\DependencyInjection\Container->get('cache.container')
#10 /var/www/html/core/lib/Drupal/Core/DrupalKernel.php(904): Drupal\Core\DrupalKernel->getCachedContainerDefinition()
#11 /var/www/html/core/lib/Drupal/Core/DrupalKernel.php(476): Drupal\Core\DrupalKernel->initializeContainer()
#12 /var/www/html/core/lib/Drupal/Core/DrupalKernel.php(692): Drupal\Core\DrupalKernel->boot()
#13 /var/www/html/index.php(22): Drupal\Co
2023/09/21 18:42:36 [error] 7#7: *11 FastCGI sent in stderr: "PHP message: PDOException: SQLSTATE[HY000] [2002] Connection refused in /var/www/html/core/lib/Drupal/Component/DependencyInjection/PhpArrayContainer.php on line 79 #0 /var/www/html/core/lib/Drupal/Core/Database/Driver/mysql/Connection.php(420): PDO->__construct('mysql:host=172....', 'root', 'root_password', Array)
#1 /var/www/html/core/lib/Drupal/Core/Database/Database.php(371): Drupal\Core\Database\Driver\mysql\Connection::open(Array)
#2 /var/www/html/core/lib/Drupal/Core/Database/Database.php(166): Drupal\Core\Database\Database::openConnection('default', 'default')
#3 [internal function]: Drupal\Core\Database\Database::getConnection('default')
#4 /var/www/html/core/lib/Drupal/Component/DependencyInjection/PhpArrayContainer.php(79): call_user_func_array('Drupal\\Core\\Dat...', Array)
#5 /var/www/html/core/lib/Drupal/Component/DependencyInjection/Container.php(173): Drupal\Component\DependencyInjection\PhpArrayContainer->createService(Array, 'database')
#6 /var/www/html/core/lib/Drupal/Component/DependencyInjection/PhpArrayContainer.php(260): Drupal\Component\DependencyInjection\Container->get('database', 1)
#7 /var/www/html/core/lib/Drupal/Component/DependencyInjection/PhpArrayContainer.php(62): Drupal\Component\DependencyInjection\PhpArrayContainer->resolveServicesAndParameters(Array)
#8 /var/www/html/core/lib/Drupal/Component/DependencyInjection/Container.php(173): Drupal\Component\DependencyInjection\PhpArrayContainer->createService(Array, 'cache.container')
#9 /var/www/html/core/lib/Drupal/Core/DrupalKernel.php(543): Drupal\Component\DependencyInjection\Container->get('cache.container')
#10 /var/www/html/core/lib/Drupal/Core/DrupalKernel.php(904): Drupal\Core\DrupalKernel->getCachedContainerDefinition()
#11 /var/www/html/core/lib/Drupal/Core/DrupalKernel.php(476): Drupal\Core\DrupalKernel->initializeContainer()
#12 /var/www/html/core/lib/Drupal/Core/DrupalKernel.php(692): Drupal\Core\DrupalKernel->boot()
#13 /var/www/html/index.php(22): Drupal\C
2023/09/21 18:42:45 [error] 7#7: *11 FastCGI sent in stderr: "PHP message: PDOException: SQLSTATE[HY000] [2002] Connection refused in /var/www/html/core/lib/Drupal/Component/DependencyInjection/PhpArrayContainer.php on line 79 #0 /var/www/html/core/lib/Drupal/Core/Database/Driver/mysql/Connection.php(420): PDO->__construct('mysql:host=172....', 'root', 'root_password', Array)
#1 /var/www/html/core/lib/Drupal/Core/Database/Database.php(371): Drupal\Core\Database\Driver\mysql\Connection::open(Array)
#2 /var/www/html/core/lib/Drupal/Core/Database/Database.php(166): Drupal\Core\Database\Database::openConnection('default', 'default')
#3 [internal function]: Drupal\Core\Database\Database::getConnection('default')
#4 /var/www/html/core/lib/Drupal/Component/DependencyInjection/PhpArrayContainer.php(79): call_user_func_array('Drupal\\Core\\Dat...', Array)
#5 /var/www/html/core/lib/Drupal/Component/DependencyInjection/Container.php(173): Drupal\Component\DependencyInjection\PhpArrayContainer->createService(Array, 'database')
#6 /var/www/html/core/lib/Drupal/Component/DependencyInjection/PhpArrayContainer.php(260): Drupal\Component\DependencyInjection\Container->get('database', 1)
#7 /var/www/html/core/lib/Drupal/Component/DependencyInjection/PhpArrayContainer.php(62): Drupal\Component\DependencyInjection\PhpArrayContainer->resolveServicesAndParameters(Array)
#8 /var/www/html/core/lib/Drupal/Component/DependencyInjection/Container.php(173): Drupal\Component\DependencyInjection\PhpArrayContainer->createService(Array, 'cache.container')
#9 /var/www/html/core/lib/Drupal/Core/DrupalKernel.php(543): Drupal\Component\DependencyInjection\Container->get('cache.container')
#10 /var/www/html/core/lib/Drupal/Core/DrupalKernel.php(904): Drupal\Core\DrupalKernel->getCachedContainerDefinition()
#11 /var/www/html/core/lib/Drupal/Core/DrupalKernel.php(476): Drupal\Core\DrupalKernel->initializeContainer()
#12 /var/www/html/core/lib/Drupal/Core/DrupalKernel.php(692): Drupal\Core\DrupalKernel->boot()
#13 /var/www/html/index.php(22): Drupal\C
2023/09/21 18:42:51 [error] 7#7: *11 FastCGI sent in stderr: "PHP message: PDOException: SQLSTATE[HY000] [2002] Connection refused in /var/www/html/core/lib/Drupal/Component/DependencyInjection/PhpArrayContainer.php on line 79 #0 /var/www/html/core/lib/Drupal/Core/Database/Driver/mysql/Connection.php(420): PDO->__construct('mysql:host=172....', 'root', 'root_password', Array)
#1 /var/www/html/core/lib/Drupal/Core/Database/Database.php(371): Drupal\Core\Database\Driver\mysql\Connection::open(Array)
#2 /var/www/html/core/lib/Drupal/Core/Database/Database.php(166): Drupal\Core\Database\Database::openConnection('default', 'default')
#3 [internal function]: Drupal\Core\Database\Database::getConnection('default')
#4 /var/www/html/core/lib/Drupal/Component/DependencyInjection/PhpArrayContainer.php(79): call_user_func_array('Drupal\\Core\\Dat...', Array)
#5 /var/www/html/core/lib/Drupal/Component/DependencyInjection/Container.php(173): Drupal\Component\DependencyInjection\PhpArrayContainer->createService(Array, 'database')
#6 /var/www/html/core/lib/Drupal/Component/DependencyInjection/PhpArrayContainer.php(260): Drupal\Component\DependencyInjection\Container->get('database', 1)
#7 /var/www/html/core/lib/Drupal/Component/DependencyInjection/PhpArrayContainer.php(62): Drupal\Component\DependencyInjection\PhpArrayContainer->resolveServicesAndParameters(Array)
#8 /var/www/html/core/lib/Drupal/Component/DependencyInjection/Container.php(173): Drupal\Component\DependencyInjection\PhpArrayContainer->createService(Array, 'cache.container')
#9 /var/www/html/core/lib/Drupal/Core/DrupalKernel.php(543): Drupal\Component\DependencyInjection\Container->get('cache.container')
#10 /var/www/html/core/lib/Drupal/Core/DrupalKernel.php(904): Drupal\Core\DrupalKernel->getCachedContainerDefinition()
#11 /var/www/html/core/lib/Drupal/Core/DrupalKernel.php(476): Drupal\Core\DrupalKernel->initializeContainer()
#12 /var/www/html/core/lib/Drupal/Core/DrupalKernel.php(692): Drupal\Core\DrupalKernel->boot()
#13 /var/www/html/index.php(22): Drupal\C
2023/09/21 18:43:14 [error] 7#7: *11 FastCGI sent in stderr: "PHP message: PDOException: SQLSTATE[HY000] [2002] Connection refused in /var/www/html/core/lib/Drupal/Component/DependencyInjection/PhpArrayContainer.php on line 79 #0 /var/www/html/core/lib/Drupal/Core/Database/Driver/mysql/Connection.php(420): PDO->__construct('mysql:host=172....', 'root', 'root_password', Array)
#1 /var/www/html/core/lib/Drupal/Core/Database/Database.php(371): Drupal\Core\Database\Driver\mysql\Connection::open(Array)
#2 /var/www/html/core/lib/Drupal/Core/Database/Database.php(166): Drupal\Core\Database\Database::openConnection('default', 'default')
#3 [internal function]: Drupal\Core\Database\Database::getConnection('default')
#4 /var/www/html/core/lib/Drupal/Component/DependencyInjection/PhpArrayContainer.php(79): call_user_func_array('Drupal\\Core\\Dat...', Array)
#5 /var/www/html/core/lib/Drupal/Component/DependencyInjection/Container.php(173): Drupal\Component\DependencyInjection\PhpArrayContainer->createService(Array, 'database')
#6 /var/www/html/core/lib/Drupal/Component/DependencyInjection/PhpArrayContainer.php(260): Drupal\Component\DependencyInjection\Container->get('database', 1)
#7 /var/www/html/core/lib/Drupal/Component/DependencyInjection/PhpArrayContainer.php(62): Drupal\Component\DependencyInjection\PhpArrayContainer->resolveServicesAndParameters(Array)
#8 /var/www/html/core/lib/Drupal/Component/DependencyInjection/Container.php(173): Drupal\Component\DependencyInjection\PhpArrayContainer->createService(Array, 'cache.container')
#9 /var/www/html/core/lib/Drupal/Core/DrupalKernel.php(543): Drupal\Component\DependencyInjection\Container->get('cache.container')
#10 /var/www/html/core/lib/Drupal/Core/DrupalKernel.php(904): Drupal\Core\DrupalKernel->getCachedContainerDefinition()
#11 /var/www/html/core/lib/Drupal/Core/DrupalKernel.php(476): Drupal\Core\DrupalKernel->initializeContainer()
#12 /var/www/html/core/lib/Drupal/Core/DrupalKernel.php(692): Drupal\Core\DrupalKernel->boot()
#13 /var/www/html/index.php(23): Drupal\C
2023/09/21 18:43:14 [error] 7#7: *11 FastCGI sent in stderr: "PHP message: PDOException: SQLSTATE[HY000] [2002] Connection refused in /var/www/html/core/lib/Drupal/Component/DependencyInjection/PhpArrayContainer.php on line 79 #0 /var/www/html/core/lib/Drupal/Core/Database/Driver/mysql/Connection.php(420): PDO->__construct('mysql:host=172....', 'root', 'root_password', Array)
#1 /var/www/html/core/lib/Drupal/Core/Database/Database.php(371): Drupal\Core\Database\Driver\mysql\Connection::open(Array)
#2 /var/www/html/core/lib/Drupal/Core/Database/Database.php(166): Drupal\Core\Database\Database::openConnection('default', 'default')
#3 [internal function]: Drupal\Core\Database\Database::getConnection('default')
#4 /var/www/html/core/lib/Drupal/Component/DependencyInjection/PhpArrayContainer.php(79): call_user_func_array('Drupal\\Core\\Dat...', Array)
#5 /var/www/html/core/lib/Drupal/Component/DependencyInjection/Container.php(173): Drupal\Component\DependencyInjection\PhpArrayContainer->createService(Array, 'database')
#6 /var/www/html/core/lib/Drupal/Component/DependencyInjection/PhpArrayContainer.php(260): Drupal\Component\DependencyInjection\Container->get('database', 1)
#7 /var/www/html/core/lib/Drupal/Component/DependencyInjection/PhpArrayContainer.php(62): Drupal\Component\DependencyInjection\PhpArrayContainer->resolveServicesAndParameters(Array)
#8 /var/www/html/core/lib/Drupal/Component/DependencyInjection/Container.php(173): Drupal\Component\DependencyInjection\PhpArrayContainer->createService(Array, 'cache.container')
#9 /var/www/html/core/lib/Drupal/Core/DrupalKernel.php(543): Drupal\Component\DependencyInjection\Container->get('cache.container')
#10 /var/www/html/core/lib/Drupal/Core/DrupalKernel.php(904): Drupal\Core\DrupalKernel->getCachedContainerDefinition()
#11 /var/www/html/core/lib/Drupal/Core/DrupalKernel.php(476): Drupal\Core\DrupalKernel->initializeContainer()
#12 /var/www/html/core/lib/Drupal/Core/DrupalKernel.php(692): Drupal\Core\DrupalKernel->boot()
#13 /var/www/html/index.php(23): Drupal\C
2023/09/21 18:43:15 [error] 7#7: *11 FastCGI sent in stderr: "PHP message: PDOException: SQLSTATE[HY000] [2002] Connection refused in /var/www/html/core/lib/Drupal/Component/DependencyInjection/PhpArrayContainer.php on line 79 #0 /var/www/html/core/lib/Drupal/Core/Database/Driver/mysql/Connection.php(420): PDO->__construct('mysql:host=172....', 'root', 'root_password', Array)
#1 /var/www/html/core/lib/Drupal/Core/Database/Database.php(371): Drupal\Core\Database\Driver\mysql\Connection::open(Array)
#2 /var/www/html/core/lib/Drupal/Core/Database/Database.php(166): Drupal\Core\Database\Database::openConnection('default', 'default')
#3 [internal function]: Drupal\Core\Database\Database::getConnection('default')
#4 /var/www/html/core/lib/Drupal/Component/DependencyInjection/PhpArrayContainer.php(79): call_user_func_array('Drupal\\Core\\Dat...', Array)
#5 /var/www/html/core/lib/Drupal/Component/DependencyInjection/Container.php(173): Drupal\Component\DependencyInjection\PhpArrayContainer->createService(Array, 'database')
#6 /var/www/html/core/lib/Drupal/Component/DependencyInjection/PhpArrayContainer.php(260): Drupal\Component\DependencyInjection\Container->get('database', 1)
#7 /var/www/html/core/lib/Drupal/Component/DependencyInjection/PhpArrayContainer.php(62): Drupal\Component\DependencyInjection\PhpArrayContainer->resolveServicesAndParameters(Array)
#8 /var/www/html/core/lib/Drupal/Component/DependencyInjection/Container.php(173): Drupal\Component\DependencyInjection\PhpArrayContainer->createService(Array, 'cache.container')
#9 /var/www/html/core/lib/Drupal/Core/DrupalKernel.php(543): Drupal\Component\DependencyInjection\Container->get('cache.container')
#10 /var/www/html/core/lib/Drupal/Core/DrupalKernel.php(904): Drupal\Core\DrupalKernel->getCachedContainerDefinition()
#11 /var/www/html/core/lib/Drupal/Core/DrupalKernel.php(476): Drupal\Core\DrupalKernel->initializeContainer()
#12 /var/www/html/core/lib/Drupal/Core/DrupalKernel.php(692): Drupal\Core\DrupalKernel->boot()
#13 /var/www/html/index.php(23): Drupal\C
2023/09/21 18:43:15 [error] 7#7: *11 FastCGI sent in stderr: "PHP message: PDOException: SQLSTATE[HY000] [2002] Connection refused in /var/www/html/core/lib/Drupal/Component/DependencyInjection/PhpArrayContainer.php on line 79 #0 /var/www/html/core/lib/Drupal/Core/Database/Driver/mysql/Connection.php(420): PDO->__construct('mysql:host=172....', 'root', 'root_password', Array)
#1 /var/www/html/core/lib/Drupal/Core/Database/Database.php(371): Drupal\Core\Database\Driver\mysql\Connection::open(Array)
#2 /var/www/html/core/lib/Drupal/Core/Database/Database.php(166): Drupal\Core\Database\Database::openConnection('default', 'default')
#3 [internal function]: Drupal\Core\Database\Database::getConnection('default')
#4 /var/www/html/core/lib/Drupal/Component/DependencyInjection/PhpArrayContainer.php(79): call_user_func_array('Drupal\\Core\\Dat...', Array)
#5 /var/www/html/core/lib/Drupal/Component/DependencyInjection/Container.php(173): Drupal\Component\DependencyInjection\PhpArrayContainer->createService(Array, 'database')
#6 /var/www/html/core/lib/Drupal/Component/DependencyInjection/PhpArrayContainer.php(260): Drupal\Component\DependencyInjection\Container->get('database', 1)
#7 /var/www/html/core/lib/Drupal/Component/DependencyInjection/PhpArrayContainer.php(62): Drupal\Component\DependencyInjection\PhpArrayContainer->resolveServicesAndParameters(Array)
#8 /var/www/html/core/lib/Drupal/Component/DependencyInjection/Container.php(173): Drupal\Component\DependencyInjection\PhpArrayContainer->createService(Array, 'cache.container')
#9 /var/www/html/core/lib/Drupal/Core/DrupalKernel.php(543): Drupal\Component\DependencyInjection\Container->get('cache.container')
#10 /var/www/html/core/lib/Drupal/Core/DrupalKernel.php(904): Drupal\Core\DrupalKernel->getCachedContainerDefinition()
#11 /var/www/html/core/lib/Drupal/Core/DrupalKernel.php(476): Drupal\Core\DrupalKernel->initializeContainer()
#12 /var/www/html/core/lib/Drupal/Core/DrupalKernel.php(692): Drupal\Core\DrupalKernel->boot()
#13 /var/www/html/index.php(23): Drupal\C
2023/09/21 18:43:15 [error] 7#7: *11 FastCGI sent in stderr: "PHP message: PDOException: SQLSTATE[HY000] [2002] Connection refused in /var/www/html/core/lib/Drupal/Component/DependencyInjection/PhpArrayContainer.php on line 79 #0 /var/www/html/core/lib/Drupal/Core/Database/Driver/mysql/Connection.php(420): PDO->__construct('mysql:host=172....', 'root', 'root_password', Array)
#1 /var/www/html/core/lib/Drupal/Core/Database/Database.php(371): Drupal\Core\Database\Driver\mysql\Connection::open(Array)
#2 /var/www/html/core/lib/Drupal/Core/Database/Database.php(166): Drupal\Core\Database\Database::openConnection('default', 'default')
#3 [internal function]: Drupal\Core\Database\Database::getConnection('default')
#4 /var/www/html/core/lib/Drupal/Component/DependencyInjection/PhpArrayContainer.php(79): call_user_func_array('Drupal\\Core\\Dat...', Array)
#5 /var/www/html/core/lib/Drupal/Component/DependencyInjection/Container.php(173): Drupal\Component\DependencyInjection\PhpArrayContainer->createService(Array, 'database')
#6 /var/www/html/core/lib/Drupal/Component/DependencyInjection/PhpArrayContainer.php(260): Drupal\Component\DependencyInjection\Container->get('database', 1)
#7 /var/www/html/core/lib/Drupal/Component/DependencyInjection/PhpArrayContainer.php(62): Drupal\Component\DependencyInjection\PhpArrayContainer->resolveServicesAndParameters(Array)
#8 /var/www/html/core/lib/Drupal/Component/DependencyInjection/Container.php(173): Drupal\Component\DependencyInjection\PhpArrayContainer->createService(Array, 'cache.container')
#9 /var/www/html/core/lib/Drupal/Core/DrupalKernel.php(543): Drupal\Component\DependencyInjection\Container->get('cache.container')
#10 /var/www/html/core/lib/Drupal/Core/DrupalKernel.php(904): Drupal\Core\DrupalKernel->getCachedContainerDefinition()
#11 /var/www/html/core/lib/Drupal/Core/DrupalKernel.php(476): Drupal\Core\DrupalKernel->initializeContainer()
#12 /var/www/html/core/lib/Drupal/Core/DrupalKernel.php(692): Drupal\Core\DrupalKernel->boot()
#13 /var/www/html/index.php(23): Drupal\C
2023/09/21 18:43:15 [error] 7#7: *11 FastCGI sent in stderr: "PHP message: PDOException: SQLSTATE[HY000] [2002] Connection refused in /var/www/html/core/lib/Drupal/Component/DependencyInjection/PhpArrayContainer.php on line 79 #0 /var/www/html/core/lib/Drupal/Core/Database/Driver/mysql/Connection.php(420): PDO->__construct('mysql:host=172....', 'root', 'root_password', Array)
#1 /var/www/html/core/lib/Drupal/Core/Database/Database.php(371): Drupal\Core\Database\Driver\mysql\Connection::open(Array)
#2 /var/www/html/core/lib/Drupal/Core/Database/Database.php(166): Drupal\Core\Database\Database::openConnection('default', 'default')
#3 [internal function]: Drupal\Core\Database\Database::getConnection('default')
#4 /var/www/html/core/lib/Drupal/Component/DependencyInjection/PhpArrayContainer.php(79): call_user_func_array('Drupal\\Core\\Dat...', Array)
#5 /var/www/html/core/lib/Drupal/Component/DependencyInjection/Container.php(173): Drupal\Component\DependencyInjection\PhpArrayContainer->createService(Array, 'database')
#6 /var/www/html/core/lib/Drupal/Component/DependencyInjection/PhpArrayContainer.php(260): Drupal\Component\DependencyInjection\Container->get('database', 1)
#7 /var/www/html/core/lib/Drupal/Component/DependencyInjection/PhpArrayContainer.php(62): Drupal\Component\DependencyInjection\PhpArrayContainer->resolveServicesAndParameters(Array)
#8 /var/www/html/core/lib/Drupal/Component/DependencyInjection/Container.php(173): Drupal\Component\DependencyInjection\PhpArrayContainer->createService(Array, 'cache.container')
#9 /var/www/html/core/lib/Drupal/Core/DrupalKernel.php(543): Drupal\Component\DependencyInjection\Container->get('cache.container')
#10 /var/www/html/core/lib/Drupal/Core/DrupalKernel.php(904): Drupal\Core\DrupalKernel->getCachedContainerDefinition()
#11 /var/www/html/core/lib/Drupal/Core/DrupalKernel.php(476): Drupal\Core\DrupalKernel->initializeContainer()
#12 /var/www/html/core/lib/Drupal/Core/DrupalKernel.php(692): Drupal\Core\DrupalKernel->boot()
#13 /var/www/html/index.php(23): Drupal\C
2023/09/21 18:46:08 [error] 7#7: *21 FastCGI sent in stderr: "PHP message: PDOException: SQLSTATE[HY000] [2002] Connection refused in /var/www/html/core/lib/Drupal/Component/DependencyInjection/PhpArrayContainer.php on line 79 #0 /var/www/html/core/lib/Drupal/Core/Database/Driver/mysql/Connection.php(420): PDO->__construct('mysql:host=172....', 'root', 'root_password', Array)
#1 /var/www/html/core/lib/Drupal/Core/Database/Database.php(371): Drupal\Core\Database\Driver\mysql\Connection::open(Array)
#2 /var/www/html/core/lib/Drupal/Core/Database/Database.php(166): Drupal\Core\Database\Database::openConnection('default', 'default')
#3 [internal function]: Drupal\Core\Database\Database::getConnection('default')
#4 /var/www/html/core/lib/Drupal/Component/DependencyInjection/PhpArrayContainer.php(79): call_user_func_array('Drupal\\Core\\Dat...', Array)
#5 /var/www/html/core/lib/Drupal/Component/DependencyInjection/Container.php(173): Drupal\Component\DependencyInjection\PhpArrayContainer->createService(Array, 'database')
#6 /var/www/html/core/lib/Drupal/Component/DependencyInjection/PhpArrayContainer.php(260): Drupal\Component\DependencyInjection\Container->get('database', 1)
#7 /var/www/html/core/lib/Drupal/Component/DependencyInjection/PhpArrayContainer.php(62): Drupal\Component\DependencyInjection\PhpArrayContainer->resolveServicesAndParameters(Array)
#8 /var/www/html/core/lib/Drupal/Component/DependencyInjection/Container.php(173): Drupal\Component\DependencyInjection\PhpArrayContainer->createService(Array, 'cache.container')
#9 /var/www/html/core/lib/Drupal/Core/DrupalKernel.php(543): Drupal\Component\DependencyInjection\Container->get('cache.container')
#10 /var/www/html/core/lib/Drupal/Core/DrupalKernel.php(904): Drupal\Core\DrupalKernel->getCachedContainerDefinition()
#11 /var/www/html/core/lib/Drupal/Core/DrupalKernel.php(476): Drupal\Core\DrupalKernel->initializeContainer()
#12 /var/www/html/core/lib/Drupal/Core/DrupalKernel.php(692): Drupal\Core\DrupalKernel->boot()
#13 /var/www/html/index.php(23): Drupal\C
2023/09/21 18:46:10 [error] 7#7: *23 FastCGI sent in stderr: "PHP message: PDOException: SQLSTATE[HY000] [2002] Connection refused in /var/www/html/core/lib/Drupal/Component/DependencyInjection/PhpArrayContainer.php on line 79 #0 /var/www/html/core/lib/Drupal/Core/Database/Driver/mysql/Connection.php(420): PDO->__construct('mysql:host=172....', 'root', 'root_password', Array)
#1 /var/www/html/core/lib/Drupal/Core/Database/Database.php(371): Drupal\Core\Database\Driver\mysql\Connection::open(Array)
#2 /var/www/html/core/lib/Drupal/Core/Database/Database.php(166): Drupal\Core\Database\Database::openConnection('default', 'default')
#3 [internal function]: Drupal\Core\Database\Database::getConnection('default')
#4 /var/www/html/core/lib/Drupal/Component/DependencyInjection/PhpArrayContainer.php(79): call_user_func_array('Drupal\\Core\\Dat...', Array)
#5 /var/www/html/core/lib/Drupal/Component/DependencyInjection/Container.php(173): Drupal\Component\DependencyInjection\PhpArrayContainer->createService(Array, 'database')
#6 /var/www/html/core/lib/Drupal/Component/DependencyInjection/PhpArrayContainer.php(260): Drupal\Component\DependencyInjection\Container->get('database', 1)
#7 /var/www/html/core/lib/Drupal/Component/DependencyInjection/PhpArrayContainer.php(62): Drupal\Component\DependencyInjection\PhpArrayContainer->resolveServicesAndParameters(Array)
#8 /var/www/html/core/lib/Drupal/Component/DependencyInjection/Container.php(173): Drupal\Component\DependencyInjection\PhpArrayContainer->createService(Array, 'cache.container')
#9 /var/www/html/core/lib/Drupal/Core/DrupalKernel.php(543): Drupal\Component\DependencyInjection\Container->get('cache.container')
#10 /var/www/html/core/lib/Drupal/Core/DrupalKernel.php(904): Drupal\Core\DrupalKernel->getCachedContainerDefinition()
#11 /var/www/html/core/lib/Drupal/Core/DrupalKernel.php(476): Drupal\Core\DrupalKernel->initializeContainer()
#12 /var/www/html/core/lib/Drupal/Core/DrupalKernel.php(692): Drupal\Core\DrupalKernel->boot()
#13 /var/www/html/index.php(23): Drupal\C
2023/09/21 18:46:10 [error] 7#7: *23 FastCGI sent in stderr: "PHP message: PDOException: SQLSTATE[HY000] [2002] Connection refused in /var/www/html/core/lib/Drupal/Component/DependencyInjection/PhpArrayContainer.php on line 79 #0 /var/www/html/core/lib/Drupal/Core/Database/Driver/mysql/Connection.php(420): PDO->__construct('mysql:host=172....', 'root', 'root_password', Array)
#1 /var/www/html/core/lib/Drupal/Core/Database/Database.php(371): Drupal\Core\Database\Driver\mysql\Connection::open(Array)
#2 /var/www/html/core/lib/Drupal/Core/Database/Database.php(166): Drupal\Core\Database\Database::openConnection('default', 'default')
#3 [internal function]: Drupal\Core\Database\Database::getConnection('default')
#4 /var/www/html/core/lib/Drupal/Component/DependencyInjection/PhpArrayContainer.php(79): call_user_func_array('Drupal\\Core\\Dat...', Array)
#5 /var/www/html/core/lib/Drupal/Component/DependencyInjection/Container.php(173): Drupal\Component\DependencyInjection\PhpArrayContainer->createService(Array, 'database')
#6 /var/www/html/core/lib/Drupal/Component/DependencyInjection/PhpArrayContainer.php(260): Drupal\Component\DependencyInjection\Container->get('database', 1)
#7 /var/www/html/core/lib/Drupal/Component/DependencyInjection/PhpArrayContainer.php(62): Drupal\Component\DependencyInjection\PhpArrayContainer->resolveServicesAndParameters(Array)
#8 /var/www/html/core/lib/Drupal/Component/DependencyInjection/Container.php(173): Drupal\Component\DependencyInjection\PhpArrayContainer->createService(Array, 'cache.container')
#9 /var/www/html/core/lib/Drupal/Core/DrupalKernel.php(543): Drupal\Component\DependencyInjection\Container->get('cache.container')
#10 /var/www/html/core/lib/Drupal/Core/DrupalKernel.php(904): Drupal\Core\DrupalKernel->getCachedContainerDefinition()
#11 /var/www/html/core/lib/Drupal/Core/DrupalKernel.php(476): Drupal\Core\DrupalKernel->initializeContainer()
#12 /var/www/html/core/lib/Drupal/Core/DrupalKernel.php(692): Drupal\Core\DrupalKernel->boot()
#13 /var/www/html/index.php(23): Drupal\C
2023/09/21 18:46:11 [error] 7#7: *23 FastCGI sent in stderr: "PHP message: PDOException: SQLSTATE[HY000] [2002] Connection refused in /var/www/html/core/lib/Drupal/Component/DependencyInjection/PhpArrayContainer.php on line 79 #0 /var/www/html/core/lib/Drupal/Core/Database/Driver/mysql/Connection.php(420): PDO->__construct('mysql:host=172....', 'root', 'root_password', Array)
#1 /var/www/html/core/lib/Drupal/Core/Database/Database.php(371): Drupal\Core\Database\Driver\mysql\Connection::open(Array)
#2 /var/www/html/core/lib/Drupal/Core/Database/Database.php(166): Drupal\Core\Database\Database::openConnection('default', 'default')
#3 [internal function]: Drupal\Core\Database\Database::getConnection('default')
#4 /var/www/html/core/lib/Drupal/Component/DependencyInjection/PhpArrayContainer.php(79): call_user_func_array('Drupal\\Core\\Dat...', Array)
#5 /var/www/html/core/lib/Drupal/Component/DependencyInjection/Container.php(173): Drupal\Component\DependencyInjection\PhpArrayContainer->createService(Array, 'database')
#6 /var/www/html/core/lib/Drupal/Component/DependencyInjection/PhpArrayContainer.php(260): Drupal\Component\DependencyInjection\Container->get('database', 1)
#7 /var/www/html/core/lib/Drupal/Component/DependencyInjection/PhpArrayContainer.php(62): Drupal\Component\DependencyInjection\PhpArrayContainer->resolveServicesAndParameters(Array)
#8 /var/www/html/core/lib/Drupal/Component/DependencyInjection/Container.php(173): Drupal\Component\DependencyInjection\PhpArrayContainer->createService(Array, 'cache.container')
#9 /var/www/html/core/lib/Drupal/Core/DrupalKernel.php(543): Drupal\Component\DependencyInjection\Container->get('cache.container')
#10 /var/www/html/core/lib/Drupal/Core/DrupalKernel.php(904): Drupal\Core\DrupalKernel->getCachedContainerDefinition()
#11 /var/www/html/core/lib/Drupal/Core/DrupalKernel.php(476): Drupal\Core\DrupalKernel->initializeContainer()
#12 /var/www/html/core/lib/Drupal/Core/DrupalKernel.php(692): Drupal\Core\DrupalKernel->boot()
#13 /var/www/html/index.php(23): Drupal\C
2023/09/21 18:46:12 [error] 7#7: *23 FastCGI sent in stderr: "PHP message: PDOException: SQLSTATE[HY000] [2002] Connection refused in /var/www/html/core/lib/Drupal/Component/DependencyInjection/PhpArrayContainer.php on line 79 #0 /var/www/html/core/lib/Drupal/Core/Database/Driver/mysql/Connection.php(420): PDO->__construct('mysql:host=172....', 'root', 'root_password', Array)
#1 /var/www/html/core/lib/Drupal/Core/Database/Database.php(371): Drupal\Core\Database\Driver\mysql\Connection::open(Array)
#2 /var/www/html/core/lib/Drupal/Core/Database/Database.php(166): Drupal\Core\Database\Database::openConnection('default', 'default')
#3 [internal function]: Drupal\Core\Database\Database::getConnection('default')
#4 /var/www/html/core/lib/Drupal/Component/DependencyInjection/PhpArrayContainer.php(79): call_user_func_array('Drupal\\Core\\Dat...', Array)
#5 /var/www/html/core/lib/Drupal/Component/DependencyInjection/Container.php(173): Drupal\Component\DependencyInjection\PhpArrayContainer->createService(Array, 'database')
#6 /var/www/html/core/lib/Drupal/Component/DependencyInjection/PhpArrayContainer.php(260): Drupal\Component\DependencyInjection\Container->get('database', 1)
#7 /var/www/html/core/lib/Drupal/Component/DependencyInjection/PhpArrayContainer.php(62): Drupal\Component\DependencyInjection\PhpArrayContainer->resolveServicesAndParameters(Array)
#8 /var/www/html/core/lib/Drupal/Component/DependencyInjection/Container.php(173): Drupal\Component\DependencyInjection\PhpArrayContainer->createService(Array, 'cache.container')
#9 /var/www/html/core/lib/Drupal/Core/DrupalKernel.php(543): Drupal\Component\DependencyInjection\Container->get('cache.container')
#10 /var/www/html/core/lib/Drupal/Core/DrupalKernel.php(904): Drupal\Core\DrupalKernel->getCachedContainerDefinition()
#11 /var/www/html/core/lib/Drupal/Core/DrupalKernel.php(476): Drupal\Core\DrupalKernel->initializeContainer()
#12 /var/www/html/core/lib/Drupal/Core/DrupalKernel.php(692): Drupal\Core\DrupalKernel->boot()
#13 /var/www/html/index.php(23): Drupal\C
2023/09/21 18:46:13 [error] 7#7: *23 FastCGI sent in stderr: "PHP message: PDOException: SQLSTATE[HY000] [2002] Connection refused in /var/www/html/core/lib/Drupal/Component/DependencyInjection/PhpArrayContainer.php on line 79 #0 /var/www/html/core/lib/Drupal/Core/Database/Driver/mysql/Connection.php(420): PDO->__construct('mysql:host=172....', 'root', 'root_password', Array)
#1 /var/www/html/core/lib/Drupal/Core/Database/Database.php(371): Drupal\Core\Database\Driver\mysql\Connection::open(Array)
#2 /var/www/html/core/lib/Drupal/Core/Database/Database.php(166): Drupal\Core\Database\Database::openConnection('default', 'default')
#3 [internal function]: Drupal\Core\Database\Database::getConnection('default')
#4 /var/www/html/core/lib/Drupal/Component/DependencyInjection/PhpArrayContainer.php(79): call_user_func_array('Drupal\\Core\\Dat...', Array)
#5 /var/www/html/core/lib/Drupal/Component/DependencyInjection/Container.php(173): Drupal\Component\DependencyInjection\PhpArrayContainer->createService(Array, 'database')
#6 /var/www/html/core/lib/Drupal/Component/DependencyInjection/PhpArrayContainer.php(260): Drupal\Component\DependencyInjection\Container->get('database', 1)
#7 /var/www/html/core/lib/Drupal/Component/DependencyInjection/PhpArrayContainer.php(62): Drupal\Component\DependencyInjection\PhpArrayContainer->resolveServicesAndParameters(Array)
#8 /var/www/html/core/lib/Drupal/Component/DependencyInjection/Container.php(173): Drupal\Component\DependencyInjection\PhpArrayContainer->createService(Array, 'cache.container')
#9 /var/www/html/core/lib/Drupal/Core/DrupalKernel.php(543): Drupal\Component\DependencyInjection\Container->get('cache.container')
#10 /var/www/html/core/lib/Drupal/Core/DrupalKernel.php(904): Drupal\Core\DrupalKernel->getCachedContainerDefinition()
#11 /var/www/html/core/lib/Drupal/Core/DrupalKernel.php(476): Drupal\Core\DrupalKernel->initializeContainer()
#12 /var/www/html/core/lib/Drupal/Core/DrupalKernel.php(692): Drupal\Core\DrupalKernel->boot()
#13 /var/www/html/index.php(23): Drupal\C
2023/09/21 18:46:13 [error] 7#7: *23 FastCGI sent in stderr: "PHP message: PDOException: SQLSTATE[HY000] [2002] Connection refused in /var/www/html/core/lib/Drupal/Component/DependencyInjection/PhpArrayContainer.php on line 79 #0 /var/www/html/core/lib/Drupal/Core/Database/Driver/mysql/Connection.php(420): PDO->__construct('mysql:host=172....', 'root', 'root_password', Array)
#1 /var/www/html/core/lib/Drupal/Core/Database/Database.php(371): Drupal\Core\Database\Driver\mysql\Connection::open(Array)
#2 /var/www/html/core/lib/Drupal/Core/Database/Database.php(166): Drupal\Core\Database\Database::openConnection('default', 'default')
#3 [internal function]: Drupal\Core\Database\Database::getConnection('default')
#4 /var/www/html/core/lib/Drupal/Component/DependencyInjection/PhpArrayContainer.php(79): call_user_func_array('Drupal\\Core\\Dat...', Array)
#5 /var/www/html/core/lib/Drupal/Component/DependencyInjection/Container.php(173): Drupal\Component\DependencyInjection\PhpArrayContainer->createService(Array, 'database')
#6 /var/www/html/core/lib/Drupal/Component/DependencyInjection/PhpArrayContainer.php(260): Drupal\Component\DependencyInjection\Container->get('database', 1)
#7 /var/www/html/core/lib/Drupal/Component/DependencyInjection/PhpArrayContainer.php(62): Drupal\Component\DependencyInjection\PhpArrayContainer->resolveServicesAndParameters(Array)
#8 /var/www/html/core/lib/Drupal/Component/DependencyInjection/Container.php(173): Drupal\Component\DependencyInjection\PhpArrayContainer->createService(Array, 'cache.container')
#9 /var/www/html/core/lib/Drupal/Core/DrupalKernel.php(543): Drupal\Component\DependencyInjection\Container->get('cache.container')
#10 /var/www/html/core/lib/Drupal/Core/DrupalKernel.php(904): Drupal\Core\DrupalKernel->getCachedContainerDefinition()
#11 /var/www/html/core/lib/Drupal/Core/DrupalKernel.php(476): Drupal\Core\DrupalKernel->initializeContainer()
#12 /var/www/html/core/lib/Drupal/Core/DrupalKernel.php(692): Drupal\Core\DrupalKernel->boot()
#13 /var/www/html/index.php(23): Drupal\C
2023/09/21 18:46:19 [error] 7#7: *23 FastCGI sent in stderr: "PHP message: PDOException: SQLSTATE[HY000] [2002] Connection refused in /var/www/html/core/lib/Drupal/Component/DependencyInjection/PhpArrayContainer.php on line 79 #0 /var/www/html/core/lib/Drupal/Core/Database/Driver/mysql/Connection.php(420): PDO->__construct('mysql:host=172....', 'root', 'root_password', Array)
#1 /var/www/html/core/lib/Drupal/Core/Database/Database.php(371): Drupal\Core\Database\Driver\mysql\Connection::open(Array)
#2 /var/www/html/core/lib/Drupal/Core/Database/Database.php(166): Drupal\Core\Database\Database::openConnection('default', 'default')
#3 [internal function]: Drupal\Core\Database\Database::getConnection('default')
#4 /var/www/html/core/lib/Drupal/Component/DependencyInjection/PhpArrayContainer.php(79): call_user_func_array('Drupal\\Core\\Dat...', Array)
#5 /var/www/html/core/lib/Drupal/Component/DependencyInjection/Container.php(173): Drupal\Component\DependencyInjection\PhpArrayContainer->createService(Array, 'database')
#6 /var/www/html/core/lib/Drupal/Component/DependencyInjection/PhpArrayContainer.php(260): Drupal\Component\DependencyInjection\Container->get('database', 1)
#7 /var/www/html/core/lib/Drupal/Component/DependencyInjection/PhpArrayContainer.php(62): Drupal\Component\DependencyInjection\PhpArrayContainer->resolveServicesAndParameters(Array)
#8 /var/www/html/core/lib/Drupal/Component/DependencyInjection/Container.php(173): Drupal\Component\DependencyInjection\PhpArrayContainer->createService(Array, 'cache.container')
#9 /var/www/html/core/lib/Drupal/Core/DrupalKernel.php(543): Drupal\Component\DependencyInjection\Container->get('cache.container')
#10 /var/www/html/core/lib/Drupal/Core/DrupalKernel.php(904): Drupal\Core\DrupalKernel->getCachedContainerDefinition()
#11 /var/www/html/core/lib/Drupal/Core/DrupalKernel.php(476): Drupal\Core\DrupalKernel->initializeContainer()
#12 /var/www/html/core/lib/Drupal/Core/DrupalKernel.php(692): Drupal\Core\DrupalKernel->boot()
#13 /var/www/html/index.php(23): Drupal\C
2023/09/21 18:46:20 [error] 7#7: *23 FastCGI sent in stderr: "PHP message: PDOException: SQLSTATE[HY000] [2002] Connection refused in /var/www/html/core/lib/Drupal/Component/DependencyInjection/PhpArrayContainer.php on line 79 #0 /var/www/html/core/lib/Drupal/Core/Database/Driver/mysql/Connection.php(420): PDO->__construct('mysql:host=172....', 'root', 'root_password', Array)
#1 /var/www/html/core/lib/Drupal/Core/Database/Database.php(371): Drupal\Core\Database\Driver\mysql\Connection::open(Array)
#2 /var/www/html/core/lib/Drupal/Core/Database/Database.php(166): Drupal\Core\Database\Database::openConnection('default', 'default')
#3 [internal function]: Drupal\Core\Database\Database::getConnection('default')
#4 /var/www/html/core/lib/Drupal/Component/DependencyInjection/PhpArrayContainer.php(79): call_user_func_array('Drupal\\Core\\Dat...', Array)
#5 /var/www/html/core/lib/Drupal/Component/DependencyInjection/Container.php(173): Drupal\Component\DependencyInjection\PhpArrayContainer->createService(Array, 'database')
#6 /var/www/html/core/lib/Drupal/Component/DependencyInjection/PhpArrayContainer.php(260): Drupal\Component\DependencyInjection\Container->get('database', 1)
#7 /var/www/html/core/lib/Drupal/Component/DependencyInjection/PhpArrayContainer.php(62): Drupal\Component\DependencyInjection\PhpArrayContainer->resolveServicesAndParameters(Array)
#8 /var/www/html/core/lib/Drupal/Component/DependencyInjection/Container.php(173): Drupal\Component\DependencyInjection\PhpArrayContainer->createService(Array, 'cache.container')
#9 /var/www/html/core/lib/Drupal/Core/DrupalKernel.php(543): Drupal\Component\DependencyInjection\Container->get('cache.container')
#10 /var/www/html/core/lib/Drupal/Core/DrupalKernel.php(904): Drupal\Core\DrupalKernel->getCachedContainerDefinition()
#11 /var/www/html/core/lib/Drupal/Core/DrupalKernel.php(476): Drupal\Core\DrupalKernel->initializeContainer()
#12 /var/www/html/core/lib/Drupal/Core/DrupalKernel.php(692): Drupal\Core\DrupalKernel->boot()
#13 /var/www/html/index.php(23): Drupal\C
2023/09/21 18:46:20 [error] 7#7: *23 FastCGI sent in stderr: "PHP message: PDOException: SQLSTATE[HY000] [2002] Connection refused in /var/www/html/core/lib/Drupal/Component/DependencyInjection/PhpArrayContainer.php on line 79 #0 /var/www/html/core/lib/Drupal/Core/Database/Driver/mysql/Connection.php(420): PDO->__construct('mysql:host=172....', 'root', 'root_password', Array)
#1 /var/www/html/core/lib/Drupal/Core/Database/Database.php(371): Drupal\Core\Database\Driver\mysql\Connection::open(Array)
#2 /var/www/html/core/lib/Drupal/Core/Database/Database.php(166): Drupal\Core\Database\Database::openConnection('default', 'default')
#3 [internal function]: Drupal\Core\Database\Database::getConnection('default')
#4 /var/www/html/core/lib/Drupal/Component/DependencyInjection/PhpArrayContainer.php(79): call_user_func_array('Drupal\\Core\\Dat...', Array)
#5 /var/www/html/core/lib/Drupal/Component/DependencyInjection/Container.php(173): Drupal\Component\DependencyInjection\PhpArrayContainer->createService(Array, 'database')
#6 /var/www/html/core/lib/Drupal/Component/DependencyInjection/PhpArrayContainer.php(260): Drupal\Component\DependencyInjection\Container->get('database', 1)
#7 /var/www/html/core/lib/Drupal/Component/DependencyInjection/PhpArrayContainer.php(62): Drupal\Component\DependencyInjection\PhpArrayContainer->resolveServicesAndParameters(Array)
#8 /var/www/html/core/lib/Drupal/Component/DependencyInjection/Container.php(173): Drupal\Component\DependencyInjection\PhpArrayContainer->createService(Array, 'cache.container')
#9 /var/www/html/core/lib/Drupal/Core/DrupalKernel.php(543): Drupal\Component\DependencyInjection\Container->get('cache.container')
#10 /var/www/html/core/lib/Drupal/Core/DrupalKernel.php(904): Drupal\Core\DrupalKernel->getCachedContainerDefinition()
#11 /var/www/html/core/lib/Drupal/Core/DrupalKernel.php(476): Drupal\Core\DrupalKernel->initializeContainer()
#12 /var/www/html/core/lib/Drupal/Core/DrupalKernel.php(692): Drupal\Core\DrupalKernel->boot()
#13 /var/www/html/index.php(23): Drupal\C
2023/09/21 18:46:21 [error] 7#7: *23 FastCGI sent in stderr: "PHP message: PDOException: SQLSTATE[HY000] [2002] Connection refused in /var/www/html/core/lib/Drupal/Component/DependencyInjection/PhpArrayContainer.php on line 79 #0 /var/www/html/core/lib/Drupal/Core/Database/Driver/mysql/Connection.php(420): PDO->__construct('mysql:host=172....', 'root', 'root_password', Array)
#1 /var/www/html/core/lib/Drupal/Core/Database/Database.php(371): Drupal\Core\Database\Driver\mysql\Connection::open(Array)
#2 /var/www/html/core/lib/Drupal/Core/Database/Database.php(166): Drupal\Core\Database\Database::openConnection('default', 'default')
#3 [internal function]: Drupal\Core\Database\Database::getConnection('default')
#4 /var/www/html/core/lib/Drupal/Component/DependencyInjection/PhpArrayContainer.php(79): call_user_func_array('Drupal\\Core\\Dat...', Array)
#5 /var/www/html/core/lib/Drupal/Component/DependencyInjection/Container.php(173): Drupal\Component\DependencyInjection\PhpArrayContainer->createService(Array, 'database')
#6 /var/www/html/core/lib/Drupal/Component/DependencyInjection/PhpArrayContainer.php(260): Drupal\Component\DependencyInjection\Container->get('database', 1)
#7 /var/www/html/core/lib/Drupal/Component/DependencyInjection/PhpArrayContainer.php(62): Drupal\Component\DependencyInjection\PhpArrayContainer->resolveServicesAndParameters(Array)
#8 /var/www/html/core/lib/Drupal/Component/DependencyInjection/Container.php(173): Drupal\Component\DependencyInjection\PhpArrayContainer->createService(Array, 'cache.container')
#9 /var/www/html/core/lib/Drupal/Core/DrupalKernel.php(543): Drupal\Component\DependencyInjection\Container->get('cache.container')
#10 /var/www/html/core/lib/Drupal/Core/DrupalKernel.php(904): Drupal\Core\DrupalKernel->getCachedContainerDefinition()
#11 /var/www/html/core/lib/Drupal/Core/DrupalKernel.php(476): Drupal\Core\DrupalKernel->initializeContainer()
#12 /var/www/html/core/lib/Drupal/Core/DrupalKernel.php(692): Drupal\Core\DrupalKernel->boot()
#13 /var/www/html/index.php(23): Drupal\C
2023/09/21 18:46:21 [error] 7#7: *23 FastCGI sent in stderr: "PHP message: PDOException: SQLSTATE[HY000] [2002] Connection refused in /var/www/html/core/lib/Drupal/Component/DependencyInjection/PhpArrayContainer.php on line 79 #0 /var/www/html/core/lib/Drupal/Core/Database/Driver/mysql/Connection.php(420): PDO->__construct('mysql:host=172....', 'root', 'root_password', Array)
#1 /var/www/html/core/lib/Drupal/Core/Database/Database.php(371): Drupal\Core\Database\Driver\mysql\Connection::open(Array)
#2 /var/www/html/core/lib/Drupal/Core/Database/Database.php(166): Drupal\Core\Database\Database::openConnection('default', 'default')
#3 [internal function]: Drupal\Core\Database\Database::getConnection('default')
#4 /var/www/html/core/lib/Drupal/Component/DependencyInjection/PhpArrayContainer.php(79): call_user_func_array('Drupal\\Core\\Dat...', Array)
#5 /var/www/html/core/lib/Drupal/Component/DependencyInjection/Container.php(173): Drupal\Component\DependencyInjection\PhpArrayContainer->createService(Array, 'database')
#6 /var/www/html/core/lib/Drupal/Component/DependencyInjection/PhpArrayContainer.php(260): Drupal\Component\DependencyInjection\Container->get('database', 1)
#7 /var/www/html/core/lib/Drupal/Component/DependencyInjection/PhpArrayContainer.php(62): Drupal\Component\DependencyInjection\PhpArrayContainer->resolveServicesAndParameters(Array)
#8 /var/www/html/core/lib/Drupal/Component/DependencyInjection/Container.php(173): Drupal\Component\DependencyInjection\PhpArrayContainer->createService(Array, 'cache.container')
#9 /var/www/html/core/lib/Drupal/Core/DrupalKernel.php(543): Drupal\Component\DependencyInjection\Container->get('cache.container')
#10 /var/www/html/core/lib/Drupal/Core/DrupalKernel.php(904): Drupal\Core\DrupalKernel->getCachedContainerDefinition()
#11 /var/www/html/core/lib/Drupal/Core/DrupalKernel.php(476): Drupal\Core\DrupalKernel->initializeContainer()
#12 /var/www/html/core/lib/Drupal/Core/DrupalKernel.php(692): Drupal\Core\DrupalKernel->boot()
#13 /var/www/html/index.php(23): Drupal\C
2023/09/21 18:46:22 [error] 7#7: *23 FastCGI sent in stderr: "PHP message: PDOException: SQLSTATE[HY000] [2002] Connection refused in /var/www/html/core/lib/Drupal/Component/DependencyInjection/PhpArrayContainer.php on line 79 #0 /var/www/html/core/lib/Drupal/Core/Database/Driver/mysql/Connection.php(420): PDO->__construct('mysql:host=172....', 'root', 'root_password', Array)
#1 /var/www/html/core/lib/Drupal/Core/Database/Database.php(371): Drupal\Core\Database\Driver\mysql\Connection::open(Array)
#2 /var/www/html/core/lib/Drupal/Core/Database/Database.php(166): Drupal\Core\Database\Database::openConnection('default', 'default')
#3 [internal function]: Drupal\Core\Database\Database::getConnection('default')
#4 /var/www/html/core/lib/Drupal/Component/DependencyInjection/PhpArrayContainer.php(79): call_user_func_array('Drupal\\Core\\Dat...', Array)
#5 /var/www/html/core/lib/Drupal/Component/DependencyInjection/Container.php(173): Drupal\Component\DependencyInjection\PhpArrayContainer->createService(Array, 'database')
#6 /var/www/html/core/lib/Drupal/Component/DependencyInjection/PhpArrayContainer.php(260): Drupal\Component\DependencyInjection\Container->get('database', 1)
#7 /var/www/html/core/lib/Drupal/Component/DependencyInjection/PhpArrayContainer.php(62): Drupal\Component\DependencyInjection\PhpArrayContainer->resolveServicesAndParameters(Array)
#8 /var/www/html/core/lib/Drupal/Component/DependencyInjection/Container.php(173): Drupal\Component\DependencyInjection\PhpArrayContainer->createService(Array, 'cache.container')
#9 /var/www/html/core/lib/Drupal/Core/DrupalKernel.php(543): Drupal\Component\DependencyInjection\Container->get('cache.container')
#10 /var/www/html/core/lib/Drupal/Core/DrupalKernel.php(904): Drupal\Core\DrupalKernel->getCachedContainerDefinition()
#11 /var/www/html/core/lib/Drupal/Core/DrupalKernel.php(476): Drupal\Core\DrupalKernel->initializeContainer()
#12 /var/www/html/core/lib/Drupal/Core/DrupalKernel.php(692): Drupal\Core\DrupalKernel->boot()
#13 /var/www/html/index.php(23): Drupal\C
2023/09/21 18:54:26 [error] 7#7: *37 FastCGI sent in stderr: "PHP message: ParseError: syntax error, unexpected ''namespace'' (T_CONSTANT_ENCAPSED_STRING), expecting ')' in /var/www/html/sites/default/settings.php on line 787 #0 /var/www/html/core/lib/Drupal/Core/DrupalKernel.php(1084): Drupal\Core\Site\Settings::initialize('/var/www/html', 'sites/default', Object(Composer\Autoload\ClassLoader))
#1 /var/www/html/core/lib/Drupal/Core/DrupalKernel.php(683): Drupal\Core\DrupalKernel->initializeSettings(Object(Symfony\Component\HttpFoundation\Request))
#2 /var/www/html/index.php(23): Drupal\Core\DrupalKernel->handle(Object(Symfony\Component\HttpFoundation\Request))
#3 {main}" while reading response header from upstream, client: 172.22.0.1, server: your_domain, request: "GET / HTTP/1.1", upstream: "fastcgi://172.22.0.2:9000", host: "0.0.0.0"
2023/09/21 18:54:27 [error] 7#7: *37 FastCGI sent in stderr: "PHP message: ParseError: syntax error, unexpected ''namespace'' (T_CONSTANT_ENCAPSED_STRING), expecting ')' in /var/www/html/sites/default/settings.php on line 787 #0 /var/www/html/core/lib/Drupal/Core/DrupalKernel.php(1084): Drupal\Core\Site\Settings::initialize('/var/www/html', 'sites/default', Object(Composer\Autoload\ClassLoader))
#1 /var/www/html/core/lib/Drupal/Core/DrupalKernel.php(683): Drupal\Core\DrupalKernel->initializeSettings(Object(Symfony\Component\HttpFoundation\Request))
#2 /var/www/html/index.php(23): Drupal\Core\DrupalKernel->handle(Object(Symfony\Component\HttpFoundation\Request))
#3 {main}" while reading response header from upstream, client: 172.22.0.1, server: your_domain, request: "GET / HTTP/1.1", upstream: "fastcgi://172.22.0.2:9000", host: "0.0.0.0"
2023/09/21 18:54:27 [error] 7#7: *37 FastCGI sent in stderr: "PHP message: ParseError: syntax error, unexpected ''namespace'' (T_CONSTANT_ENCAPSED_STRING), expecting ')' in /var/www/html/sites/default/settings.php on line 787 #0 /var/www/html/core/lib/Drupal/Core/DrupalKernel.php(1084): Drupal\Core\Site\Settings::initialize('/var/www/html', 'sites/default', Object(Composer\Autoload\ClassLoader))
#1 /var/www/html/core/lib/Drupal/Core/DrupalKernel.php(683): Drupal\Core\DrupalKernel->initializeSettings(Object(Symfony\Component\HttpFoundation\Request))
#2 /var/www/html/index.php(23): Drupal\Core\DrupalKernel->handle(Object(Symfony\Component\HttpFoundation\Request))
#3 {main}" while reading response header from upstream, client: 172.22.0.1, server: your_domain, request: "GET / HTTP/1.1", upstream: "fastcgi://172.22.0.2:9000", host: "0.0.0.0"
2023/09/21 18:54:27 [error] 7#7: *37 FastCGI sent in stderr: "PHP message: ParseError: syntax error, unexpected ''namespace'' (T_CONSTANT_ENCAPSED_STRING), expecting ')' in /var/www/html/sites/default/settings.php on line 787 #0 /var/www/html/core/lib/Drupal/Core/DrupalKernel.php(1084): Drupal\Core\Site\Settings::initialize('/var/www/html', 'sites/default', Object(Composer\Autoload\ClassLoader))
#1 /var/www/html/core/lib/Drupal/Core/DrupalKernel.php(683): Drupal\Core\DrupalKernel->initializeSettings(Object(Symfony\Component\HttpFoundation\Request))
#2 /var/www/html/index.php(23): Drupal\Core\DrupalKernel->handle(Object(Symfony\Component\HttpFoundation\Request))
#3 {main}" while reading response header from upstream, client: 172.22.0.1, server: your_domain, request: "GET / HTTP/1.1", upstream: "fastcgi://172.22.0.2:9000", host: "0.0.0.0"
2023/09/21 18:54:31 [error] 7#7: *37 FastCGI sent in stderr: "PHP message: ParseError: syntax error, unexpected ''namespace'' (T_CONSTANT_ENCAPSED_STRING), expecting ')' in /var/www/html/sites/default/settings.php on line 787 #0 /var/www/html/core/lib/Drupal/Core/DrupalKernel.php(1084): Drupal\Core\Site\Settings::initialize('/var/www/html', 'sites/default', Object(Composer\Autoload\ClassLoader))
#1 /var/www/html/core/lib/Drupal/Core/DrupalKernel.php(683): Drupal\Core\DrupalKernel->initializeSettings(Object(Symfony\Component\HttpFoundation\Request))
#2 /var/www/html/index.php(23): Drupal\Core\DrupalKernel->handle(Object(Symfony\Component\HttpFoundation\Request))
#3 {main}" while reading response header from upstream, client: 172.22.0.1, server: your_domain, request: "GET / HTTP/1.1", upstream: "fastcgi://172.22.0.2:9000", host: "0.0.0.0"
2023/09/21 18:54:43 [error] 7#7: *37 FastCGI sent in stderr: "PHP message: PDOException: SQLSTATE[HY000] [2002] Connection refused in /var/www/html/core/lib/Drupal/Component/DependencyInjection/PhpArrayContainer.php on line 79 #0 /var/www/html/core/lib/Drupal/Core/Database/Driver/mysql/Connection.php(420): PDO->__construct('mysql:host=172....', 'drupal_database...', 'drupal_database...', Array)
#1 /var/www/html/core/lib/Drupal/Core/Database/Database.php(371): Drupal\Core\Database\Driver\mysql\Connection::open(Array)
#2 /var/www/html/core/lib/Drupal/Core/Database/Database.php(166): Drupal\Core\Database\Database::openConnection('default', 'default')
#3 [internal function]: Drupal\Core\Database\Database::getConnection('default')
#4 /var/www/html/core/lib/Drupal/Component/DependencyInjection/PhpArrayContainer.php(79): call_user_func_array('Drupal\\Core\\Dat...', Array)
#5 /var/www/html/core/lib/Drupal/Component/DependencyInjection/Container.php(173): Drupal\Component\DependencyInjection\PhpArrayContainer->createService(Array, 'database')
#6 /var/www/html/core/lib/Drupal/Component/DependencyInjection/PhpArrayContainer.php(260): Drupal\Component\DependencyInjection\Container->get('database', 1)
#7 /var/www/html/core/lib/Drupal/Component/DependencyInjection/PhpArrayContainer.php(62): Drupal\Component\DependencyInjection\PhpArrayContainer->resolveServicesAndParameters(Array)
#8 /var/www/html/core/lib/Drupal/Component/DependencyInjection/Container.php(173): Drupal\Component\DependencyInjection\PhpArrayContainer->createService(Array, 'cache.container')
#9 /var/www/html/core/lib/Drupal/Core/DrupalKernel.php(543): Drupal\Component\DependencyInjection\Container->get('cache.container')
#10 /var/www/html/core/lib/Drupal/Core/DrupalKernel.php(904): Drupal\Core\DrupalKernel->getCachedContainerDefinition()
#11 /var/www/html/core/lib/Drupal/Core/DrupalKernel.php(476): Drupal\Core\DrupalKernel->initializeContainer()
#12 /var/www/html/core/lib/Drupal/Core/DrupalKernel.php(692): Drupal\Core\DrupalKernel->boot()
#13 /var/www/html/inde
2023/09/21 18:54:44 [error] 7#7: *37 FastCGI sent in stderr: "PHP message: PDOException: SQLSTATE[HY000] [2002] Connection refused in /var/www/html/core/lib/Drupal/Component/DependencyInjection/PhpArrayContainer.php on line 79 #0 /var/www/html/core/lib/Drupal/Core/Database/Driver/mysql/Connection.php(420): PDO->__construct('mysql:host=172....', 'drupal_database...', 'drupal_database...', Array)
#1 /var/www/html/core/lib/Drupal/Core/Database/Database.php(371): Drupal\Core\Database\Driver\mysql\Connection::open(Array)
#2 /var/www/html/core/lib/Drupal/Core/Database/Database.php(166): Drupal\Core\Database\Database::openConnection('default', 'default')
#3 [internal function]: Drupal\Core\Database\Database::getConnection('default')
#4 /var/www/html/core/lib/Drupal/Component/DependencyInjection/PhpArrayContainer.php(79): call_user_func_array('Drupal\\Core\\Dat...', Array)
#5 /var/www/html/core/lib/Drupal/Component/DependencyInjection/Container.php(173): Drupal\Component\DependencyInjection\PhpArrayContainer->createService(Array, 'database')
#6 /var/www/html/core/lib/Drupal/Component/DependencyInjection/PhpArrayContainer.php(260): Drupal\Component\DependencyInjection\Container->get('database', 1)
#7 /var/www/html/core/lib/Drupal/Component/DependencyInjection/PhpArrayContainer.php(62): Drupal\Component\DependencyInjection\PhpArrayContainer->resolveServicesAndParameters(Array)
#8 /var/www/html/core/lib/Drupal/Component/DependencyInjection/Container.php(173): Drupal\Component\DependencyInjection\PhpArrayContainer->createService(Array, 'cache.container')
#9 /var/www/html/core/lib/Drupal/Core/DrupalKernel.php(543): Drupal\Component\DependencyInjection\Container->get('cache.container')
#10 /var/www/html/core/lib/Drupal/Core/DrupalKernel.php(904): Drupal\Core\DrupalKernel->getCachedContainerDefinition()
#11 /var/www/html/core/lib/Drupal/Core/DrupalKernel.php(476): Drupal\Core\DrupalKernel->initializeContainer()
#12 /var/www/html/core/lib/Drupal/Core/DrupalKernel.php(692): Drupal\Core\DrupalKernel->boot()
#13 /var/www/html/inde
2023/09/21 18:54:44 [error] 7#7: *37 FastCGI sent in stderr: "PHP message: PDOException: SQLSTATE[HY000] [2002] Connection refused in /var/www/html/core/lib/Drupal/Component/DependencyInjection/PhpArrayContainer.php on line 79 #0 /var/www/html/core/lib/Drupal/Core/Database/Driver/mysql/Connection.php(420): PDO->__construct('mysql:host=172....', 'drupal_database...', 'drupal_database...', Array)
#1 /var/www/html/core/lib/Drupal/Core/Database/Database.php(371): Drupal\Core\Database\Driver\mysql\Connection::open(Array)
#2 /var/www/html/core/lib/Drupal/Core/Database/Database.php(166): Drupal\Core\Database\Database::openConnection('default', 'default')
#3 [internal function]: Drupal\Core\Database\Database::getConnection('default')
#4 /var/www/html/core/lib/Drupal/Component/DependencyInjection/PhpArrayContainer.php(79): call_user_func_array('Drupal\\Core\\Dat...', Array)
#5 /var/www/html/core/lib/Drupal/Component/DependencyInjection/Container.php(173): Drupal\Component\DependencyInjection\PhpArrayContainer->createService(Array, 'database')
#6 /var/www/html/core/lib/Drupal/Component/DependencyInjection/PhpArrayContainer.php(260): Drupal\Component\DependencyInjection\Container->get('database', 1)
#7 /var/www/html/core/lib/Drupal/Component/DependencyInjection/PhpArrayContainer.php(62): Drupal\Component\DependencyInjection\PhpArrayContainer->resolveServicesAndParameters(Array)
#8 /var/www/html/core/lib/Drupal/Component/DependencyInjection/Container.php(173): Drupal\Component\DependencyInjection\PhpArrayContainer->createService(Array, 'cache.container')
#9 /var/www/html/core/lib/Drupal/Core/DrupalKernel.php(543): Drupal\Component\DependencyInjection\Container->get('cache.container')
#10 /var/www/html/core/lib/Drupal/Core/DrupalKernel.php(904): Drupal\Core\DrupalKernel->getCachedContainerDefinition()
#11 /var/www/html/core/lib/Drupal/Core/DrupalKernel.php(476): Drupal\Core\DrupalKernel->initializeContainer()
#12 /var/www/html/core/lib/Drupal/Core/DrupalKernel.php(692): Drupal\Core\DrupalKernel->boot()
#13 /var/www/html/inde
2023/09/21 18:54:44 [error] 7#7: *37 FastCGI sent in stderr: "PHP message: PDOException: SQLSTATE[HY000] [2002] Connection refused in /var/www/html/core/lib/Drupal/Component/DependencyInjection/PhpArrayContainer.php on line 79 #0 /var/www/html/core/lib/Drupal/Core/Database/Driver/mysql/Connection.php(420): PDO->__construct('mysql:host=172....', 'drupal_database...', 'drupal_database...', Array)
#1 /var/www/html/core/lib/Drupal/Core/Database/Database.php(371): Drupal\Core\Database\Driver\mysql\Connection::open(Array)
#2 /var/www/html/core/lib/Drupal/Core/Database/Database.php(166): Drupal\Core\Database\Database::openConnection('default', 'default')
#3 [internal function]: Drupal\Core\Database\Database::getConnection('default')
#4 /var/www/html/core/lib/Drupal/Component/DependencyInjection/PhpArrayContainer.php(79): call_user_func_array('Drupal\\Core\\Dat...', Array)
#5 /var/www/html/core/lib/Drupal/Component/DependencyInjection/Container.php(173): Drupal\Component\DependencyInjection\PhpArrayContainer->createService(Array, 'database')
#6 /var/www/html/core/lib/Drupal/Component/DependencyInjection/PhpArrayContainer.php(260): Drupal\Component\DependencyInjection\Container->get('database', 1)
#7 /var/www/html/core/lib/Drupal/Component/DependencyInjection/PhpArrayContainer.php(62): Drupal\Component\DependencyInjection\PhpArrayContainer->resolveServicesAndParameters(Array)
#8 /var/www/html/core/lib/Drupal/Component/DependencyInjection/Container.php(173): Drupal\Component\DependencyInjection\PhpArrayContainer->createService(Array, 'cache.container')
#9 /var/www/html/core/lib/Drupal/Core/DrupalKernel.php(543): Drupal\Component\DependencyInjection\Container->get('cache.container')
#10 /var/www/html/core/lib/Drupal/Core/DrupalKernel.php(904): Drupal\Core\DrupalKernel->getCachedContainerDefinition()
#11 /var/www/html/core/lib/Drupal/Core/DrupalKernel.php(476): Drupal\Core\DrupalKernel->initializeContainer()
#12 /var/www/html/core/lib/Drupal/Core/DrupalKernel.php(692): Drupal\Core\DrupalKernel->boot()
#13 /var/www/html/inde
2023/09/21 18:54:44 [error] 7#7: *37 FastCGI sent in stderr: "PHP message: PDOException: SQLSTATE[HY000] [2002] Connection refused in /var/www/html/core/lib/Drupal/Component/DependencyInjection/PhpArrayContainer.php on line 79 #0 /var/www/html/core/lib/Drupal/Core/Database/Driver/mysql/Connection.php(420): PDO->__construct('mysql:host=172....', 'drupal_database...', 'drupal_database...', Array)
#1 /var/www/html/core/lib/Drupal/Core/Database/Database.php(371): Drupal\Core\Database\Driver\mysql\Connection::open(Array)
#2 /var/www/html/core/lib/Drupal/Core/Database/Database.php(166): Drupal\Core\Database\Database::openConnection('default', 'default')
#3 [internal function]: Drupal\Core\Database\Database::getConnection('default')
#4 /var/www/html/core/lib/Drupal/Component/DependencyInjection/PhpArrayContainer.php(79): call_user_func_array('Drupal\\Core\\Dat...', Array)
#5 /var/www/html/core/lib/Drupal/Component/DependencyInjection/Container.php(173): Drupal\Component\DependencyInjection\PhpArrayContainer->createService(Array, 'database')
#6 /var/www/html/core/lib/Drupal/Component/DependencyInjection/PhpArrayContainer.php(260): Drupal\Component\DependencyInjection\Container->get('database', 1)
#7 /var/www/html/core/lib/Drupal/Component/DependencyInjection/PhpArrayContainer.php(62): Drupal\Component\DependencyInjection\PhpArrayContainer->resolveServicesAndParameters(Array)
#8 /var/www/html/core/lib/Drupal/Component/DependencyInjection/Container.php(173): Drupal\Component\DependencyInjection\PhpArrayContainer->createService(Array, 'cache.container')
#9 /var/www/html/core/lib/Drupal/Core/DrupalKernel.php(543): Drupal\Component\DependencyInjection\Container->get('cache.container')
#10 /var/www/html/core/lib/Drupal/Core/DrupalKernel.php(904): Drupal\Core\DrupalKernel->getCachedContainerDefinition()
#11 /var/www/html/core/lib/Drupal/Core/DrupalKernel.php(476): Drupal\Core\DrupalKernel->initializeContainer()
#12 /var/www/html/core/lib/Drupal/Core/DrupalKernel.php(692): Drupal\Core\DrupalKernel->boot()
#13 /var/www/html/inde
2023/09/21 18:54:50 [error] 7#7: *37 FastCGI sent in stderr: "PHP message: PDOException: SQLSTATE[HY000] [2002] Connection refused in /var/www/html/core/lib/Drupal/Component/DependencyInjection/PhpArrayContainer.php on line 79 #0 /var/www/html/core/lib/Drupal/Core/Database/Driver/mysql/Connection.php(420): PDO->__construct('mysql:host=172....', 'drupal_database...', 'drupal_database...', Array)
#1 /var/www/html/core/lib/Drupal/Core/Database/Database.php(371): Drupal\Core\Database\Driver\mysql\Connection::open(Array)
#2 /var/www/html/core/lib/Drupal/Core/Database/Database.php(166): Drupal\Core\Database\Database::openConnection('default', 'default')
#3 [internal function]: Drupal\Core\Database\Database::getConnection('default')
#4 /var/www/html/core/lib/Drupal/Component/DependencyInjection/PhpArrayContainer.php(79): call_user_func_array('Drupal\\Core\\Dat...', Array)
#5 /var/www/html/core/lib/Drupal/Component/DependencyInjection/Container.php(173): Drupal\Component\DependencyInjection\PhpArrayContainer->createService(Array, 'database')
#6 /var/www/html/core/lib/Drupal/Component/DependencyInjection/PhpArrayContainer.php(260): Drupal\Component\DependencyInjection\Container->get('database', 1)
#7 /var/www/html/core/lib/Drupal/Component/DependencyInjection/PhpArrayContainer.php(62): Drupal\Component\DependencyInjection\PhpArrayContainer->resolveServicesAndParameters(Array)
#8 /var/www/html/core/lib/Drupal/Component/DependencyInjection/Container.php(173): Drupal\Component\DependencyInjection\PhpArrayContainer->createService(Array, 'cache.container')
#9 /var/www/html/core/lib/Drupal/Core/DrupalKernel.php(543): Drupal\Component\DependencyInjection\Container->get('cache.container')
#10 /var/www/html/core/lib/Drupal/Core/DrupalKernel.php(904): Drupal\Core\DrupalKernel->getCachedContainerDefinition()
#11 /var/www/html/core/lib/Drupal/Core/DrupalKernel.php(476): Drupal\Core\DrupalKernel->initializeContainer()
#12 /var/www/html/core/lib/Drupal/Core/DrupalKernel.php(692): Drupal\Core\DrupalKernel->boot()
#13 /var/www/html/inde
2023/09/21 18:56:39 [error] 7#7: *50 FastCGI sent in stderr: "PHP message: PDOException: SQLSTATE[HY000] [2002] Connection refused in /var/www/html/core/lib/Drupal/Component/DependencyInjection/PhpArrayContainer.php on line 79 #0 /var/www/html/core/lib/Drupal/Core/Database/Driver/mysql/Connection.php(420): PDO->__construct('mysql:host=172....', 'root', 'root_password', Array)
#1 /var/www/html/core/lib/Drupal/Core/Database/Database.php(371): Drupal\Core\Database\Driver\mysql\Connection::open(Array)
#2 /var/www/html/core/lib/Drupal/Core/Database/Database.php(166): Drupal\Core\Database\Database::openConnection('default', 'default')
#3 [internal function]: Drupal\Core\Database\Database::getConnection('default')
#4 /var/www/html/core/lib/Drupal/Component/DependencyInjection/PhpArrayContainer.php(79): call_user_func_array('Drupal\\Core\\Dat...', Array)
#5 /var/www/html/core/lib/Drupal/Component/DependencyInjection/Container.php(173): Drupal\Component\DependencyInjection\PhpArrayContainer->createService(Array, 'database')
#6 /var/www/html/core/lib/Drupal/Component/DependencyInjection/PhpArrayContainer.php(260): Drupal\Component\DependencyInjection\Container->get('database', 1)
#7 /var/www/html/core/lib/Drupal/Component/DependencyInjection/PhpArrayContainer.php(62): Drupal\Component\DependencyInjection\PhpArrayContainer->resolveServicesAndParameters(Array)
#8 /var/www/html/core/lib/Drupal/Component/DependencyInjection/Container.php(173): Drupal\Component\DependencyInjection\PhpArrayContainer->createService(Array, 'cache.container')
#9 /var/www/html/core/lib/Drupal/Core/DrupalKernel.php(543): Drupal\Component\DependencyInjection\Container->get('cache.container')
#10 /var/www/html/core/lib/Drupal/Core/DrupalKernel.php(904): Drupal\Core\DrupalKernel->getCachedContainerDefinition()
#11 /var/www/html/core/lib/Drupal/Core/DrupalKernel.php(476): Drupal\Core\DrupalKernel->initializeContainer()
#12 /var/www/html/core/lib/Drupal/Core/DrupalKernel.php(692): Drupal\Core\DrupalKernel->boot()
#13 /var/www/html/index.php(23): Drupal\C
2023/09/21 18:56:46 [error] 7#7: *50 FastCGI sent in stderr: "PHP message: PDOException: SQLSTATE[HY000] [2002] Connection refused in /var/www/html/core/lib/Drupal/Component/DependencyInjection/PhpArrayContainer.php on line 79 #0 /var/www/html/core/lib/Drupal/Core/Database/Driver/mysql/Connection.php(420): PDO->__construct('mysql:host=172....', 'root', 'root_password', Array)
#1 /var/www/html/core/lib/Drupal/Core/Database/Database.php(371): Drupal\Core\Database\Driver\mysql\Connection::open(Array)
#2 /var/www/html/core/lib/Drupal/Core/Database/Database.php(166): Drupal\Core\Database\Database::openConnection('default', 'default')
#3 [internal function]: Drupal\Core\Database\Database::getConnection('default')
#4 /var/www/html/core/lib/Drupal/Component/DependencyInjection/PhpArrayContainer.php(79): call_user_func_array('Drupal\\Core\\Dat...', Array)
#5 /var/www/html/core/lib/Drupal/Component/DependencyInjection/Container.php(173): Drupal\Component\DependencyInjection\PhpArrayContainer->createService(Array, 'database')
#6 /var/www/html/core/lib/Drupal/Component/DependencyInjection/PhpArrayContainer.php(260): Drupal\Component\DependencyInjection\Container->get('database', 1)
#7 /var/www/html/core/lib/Drupal/Component/DependencyInjection/PhpArrayContainer.php(62): Drupal\Component\DependencyInjection\PhpArrayContainer->resolveServicesAndParameters(Array)
#8 /var/www/html/core/lib/Drupal/Component/DependencyInjection/Container.php(173): Drupal\Component\DependencyInjection\PhpArrayContainer->createService(Array, 'cache.container')
#9 /var/www/html/core/lib/Drupal/Core/DrupalKernel.php(543): Drupal\Component\DependencyInjection\Container->get('cache.container')
#10 /var/www/html/core/lib/Drupal/Core/DrupalKernel.php(904): Drupal\Core\DrupalKernel->getCachedContainerDefinition()
#11 /var/www/html/core/lib/Drupal/Core/DrupalKernel.php(476): Drupal\Core\DrupalKernel->initializeContainer()
#12 /var/www/html/core/lib/Drupal/Core/DrupalKernel.php(692): Drupal\Core\DrupalKernel->boot()
#13 /var/www/html/index.php(23): Drupal\C
2023/09/21 18:57:40 [error] 7#7: *50 FastCGI sent in stderr: "PHP message: ParseError: syntax error, unexpected ''namespace'' (T_CONSTANT_ENCAPSED_STRING), expecting ')' in /var/www/html/sites/default/settings.php on line 789 #0 /var/www/html/core/lib/Drupal/Core/DrupalKernel.php(1084): Drupal\Core\Site\Settings::initialize('/var/www/html', 'sites/default', Object(Composer\Autoload\ClassLoader))
#1 /var/www/html/core/lib/Drupal/Core/DrupalKernel.php(683): Drupal\Core\DrupalKernel->initializeSettings(Object(Symfony\Component\HttpFoundation\Request))
#2 /var/www/html/index.php(23): Drupal\Core\DrupalKernel->handle(Object(Symfony\Component\HttpFoundation\Request))
#3 {main}" while reading response header from upstream, client: 172.22.0.1, server: your_domain, request: "GET / HTTP/1.1", upstream: "fastcgi://172.22.0.2:9000", host: "0.0.0.0"
2023/09/21 18:58:07 [error] 7#7: *50 FastCGI sent in stderr: "PHP message: PDOException: SQLSTATE[HY000] [2002] Connection refused in /var/www/html/core/lib/Drupal/Component/DependencyInjection/PhpArrayContainer.php on line 79 #0 /var/www/html/core/lib/Drupal/Core/Database/Driver/mysql/Connection.php(420): PDO->__construct('mysql:host=0.0....', 'root', 'root_password', Array)
#1 /var/www/html/core/lib/Drupal/Core/Database/Database.php(371): Drupal\Core\Database\Driver\mysql\Connection::open(Array)
#2 /var/www/html/core/lib/Drupal/Core/Database/Database.php(166): Drupal\Core\Database\Database::openConnection('default', 'default')
#3 [internal function]: Drupal\Core\Database\Database::getConnection('default')
#4 /var/www/html/core/lib/Drupal/Component/DependencyInjection/PhpArrayContainer.php(79): call_user_func_array('Drupal\\Core\\Dat...', Array)
#5 /var/www/html/core/lib/Drupal/Component/DependencyInjection/Container.php(173): Drupal\Component\DependencyInjection\PhpArrayContainer->createService(Array, 'database')
#6 /var/www/html/core/lib/Drupal/Component/DependencyInjection/PhpArrayContainer.php(260): Drupal\Component\DependencyInjection\Container->get('database', 1)
#7 /var/www/html/core/lib/Drupal/Component/DependencyInjection/PhpArrayContainer.php(62): Drupal\Component\DependencyInjection\PhpArrayContainer->resolveServicesAndParameters(Array)
#8 /var/www/html/core/lib/Drupal/Component/DependencyInjection/Container.php(173): Drupal\Component\DependencyInjection\PhpArrayContainer->createService(Array, 'cache.container')
#9 /var/www/html/core/lib/Drupal/Core/DrupalKernel.php(543): Drupal\Component\DependencyInjection\Container->get('cache.container')
#10 /var/www/html/core/lib/Drupal/Core/DrupalKernel.php(904): Drupal\Core\DrupalKernel->getCachedContainerDefinition()
#11 /var/www/html/core/lib/Drupal/Core/DrupalKernel.php(476): Drupal\Core\DrupalKernel->initializeContainer()
#12 /var/www/html/core/lib/Drupal/Core/DrupalKernel.php(692): Drupal\Core\DrupalKernel->boot()
#13 /var/www/html/index.php(23): Drupal\C
2023/09/21 18:58:15 [error] 7#7: *50 FastCGI sent in stderr: "PHP message: PDOException: SQLSTATE[HY000] [2002] Connection refused in /var/www/html/core/lib/Drupal/Component/DependencyInjection/PhpArrayContainer.php on line 79 #0 /var/www/html/core/lib/Drupal/Core/Database/Driver/mysql/Connection.php(420): PDO->__construct('mysql:host=0.0....', 'root', 'root_password', Array)
#1 /var/www/html/core/lib/Drupal/Core/Database/Database.php(371): Drupal\Core\Database\Driver\mysql\Connection::open(Array)
#2 /var/www/html/core/lib/Drupal/Core/Database/Database.php(166): Drupal\Core\Database\Database::openConnection('default', 'default')
#3 [internal function]: Drupal\Core\Database\Database::getConnection('default')
#4 /var/www/html/core/lib/Drupal/Component/DependencyInjection/PhpArrayContainer.php(79): call_user_func_array('Drupal\\Core\\Dat...', Array)
#5 /var/www/html/core/lib/Drupal/Component/DependencyInjection/Container.php(173): Drupal\Component\DependencyInjection\PhpArrayContainer->createService(Array, 'database')
#6 /var/www/html/core/lib/Drupal/Component/DependencyInjection/PhpArrayContainer.php(260): Drupal\Component\DependencyInjection\Container->get('database', 1)
#7 /var/www/html/core/lib/Drupal/Component/DependencyInjection/PhpArrayContainer.php(62): Drupal\Component\DependencyInjection\PhpArrayContainer->resolveServicesAndParameters(Array)
#8 /var/www/html/core/lib/Drupal/Component/DependencyInjection/Container.php(173): Drupal\Component\DependencyInjection\PhpArrayContainer->createService(Array, 'cache.container')
#9 /var/www/html/core/lib/Drupal/Core/DrupalKernel.php(543): Drupal\Component\DependencyInjection\Container->get('cache.container')
#10 /var/www/html/core/lib/Drupal/Core/DrupalKernel.php(904): Drupal\Core\DrupalKernel->getCachedContainerDefinition()
#11 /var/www/html/core/lib/Drupal/Core/DrupalKernel.php(476): Drupal\Core\DrupalKernel->initializeContainer()
#12 /var/www/html/core/lib/Drupal/Core/DrupalKernel.php(692): Drupal\Core\DrupalKernel->boot()
#13 /var/www/html/index.php(23): Drupal\C
2023/09/21 18:58:41 [error] 7#7: *50 FastCGI sent in stderr: "PHP message: PDOException: SQLSTATE[HY000] [2002] Connection refused in /var/www/html/core/lib/Drupal/Component/DependencyInjection/PhpArrayContainer.php on line 79 #0 /var/www/html/core/lib/Drupal/Core/Database/Driver/mysql/Connection.php(420): PDO->__construct('mysql:host=0.0....', 'root', 'root_password', Array)
#1 /var/www/html/core/lib/Drupal/Core/Database/Database.php(371): Drupal\Core\Database\Driver\mysql\Connection::open(Array)
#2 /var/www/html/core/lib/Drupal/Core/Database/Database.php(166): Drupal\Core\Database\Database::openConnection('default', 'default')
#3 [internal function]: Drupal\Core\Database\Database::getConnection('default')
#4 /var/www/html/core/lib/Drupal/Component/DependencyInjection/PhpArrayContainer.php(79): call_user_func_array('Drupal\\Core\\Dat...', Array)
#5 /var/www/html/core/lib/Drupal/Component/DependencyInjection/Container.php(173): Drupal\Component\DependencyInjection\PhpArrayContainer->createService(Array, 'database')
#6 /var/www/html/core/lib/Drupal/Component/DependencyInjection/PhpArrayContainer.php(260): Drupal\Component\DependencyInjection\Container->get('database', 1)
#7 /var/www/html/core/lib/Drupal/Component/DependencyInjection/PhpArrayContainer.php(62): Drupal\Component\DependencyInjection\PhpArrayContainer->resolveServicesAndParameters(Array)
#8 /var/www/html/core/lib/Drupal/Component/DependencyInjection/Container.php(173): Drupal\Component\DependencyInjection\PhpArrayContainer->createService(Array, 'cache.container')
#9 /var/www/html/core/lib/Drupal/Core/DrupalKernel.php(543): Drupal\Component\DependencyInjection\Container->get('cache.container')
#10 /var/www/html/core/lib/Drupal/Core/DrupalKernel.php(904): Drupal\Core\DrupalKernel->getCachedContainerDefinition()
#11 /var/www/html/core/lib/Drupal/Core/DrupalKernel.php(476): Drupal\Core\DrupalKernel->initializeContainer()
#12 /var/www/html/core/lib/Drupal/Core/DrupalKernel.php(692): Drupal\Core\DrupalKernel->boot()
#13 /var/www/html/index.php(23): Drupal\C
2023/09/21 19:00:52 [error] 7#7: *60 FastCGI sent in stderr: "PHP message: PDOException: SQLSTATE[HY000] [2002] Connection refused in /var/www/html/core/lib/Drupal/Component/DependencyInjection/PhpArrayContainer.php on line 79 #0 /var/www/html/core/lib/Drupal/Core/Database/Driver/mysql/Connection.php(420): PDO->__construct('mysql:host=172....', 'root', 'root_password', Array)
#1 /var/www/html/core/lib/Drupal/Core/Database/Database.php(371): Drupal\Core\Database\Driver\mysql\Connection::open(Array)
#2 /var/www/html/core/lib/Drupal/Core/Database/Database.php(166): Drupal\Core\Database\Database::openConnection('default', 'default')
#3 [internal function]: Drupal\Core\Database\Database::getConnection('default')
#4 /var/www/html/core/lib/Drupal/Component/DependencyInjection/PhpArrayContainer.php(79): call_user_func_array('Drupal\\Core\\Dat...', Array)
#5 /var/www/html/core/lib/Drupal/Component/DependencyInjection/Container.php(173): Drupal\Component\DependencyInjection\PhpArrayContainer->createService(Array, 'database')
#6 /var/www/html/core/lib/Drupal/Component/DependencyInjection/PhpArrayContainer.php(260): Drupal\Component\DependencyInjection\Container->get('database', 1)
#7 /var/www/html/core/lib/Drupal/Component/DependencyInjection/PhpArrayContainer.php(62): Drupal\Component\DependencyInjection\PhpArrayContainer->resolveServicesAndParameters(Array)
#8 /var/www/html/core/lib/Drupal/Component/DependencyInjection/Container.php(173): Drupal\Component\DependencyInjection\PhpArrayContainer->createService(Array, 'cache.container')
#9 /var/www/html/core/lib/Drupal/Core/DrupalKernel.php(543): Drupal\Component\DependencyInjection\Container->get('cache.container')
#10 /var/www/html/core/lib/Drupal/Core/DrupalKernel.php(904): Drupal\Core\DrupalKernel->getCachedContainerDefinition()
#11 /var/www/html/core/lib/Drupal/Core/DrupalKernel.php(476): Drupal\Core\DrupalKernel->initializeContainer()
#12 /var/www/html/core/lib/Drupal/Core/DrupalKernel.php(692): Drupal\Core\DrupalKernel->boot()
#13 /var/www/html/index.php(23): Drupal\C
2023/09/21 19:00:59 [error] 7#7: *60 FastCGI sent in stderr: "PHP message: PDOException: SQLSTATE[HY000] [2002] Connection refused in /var/www/html/core/lib/Drupal/Component/DependencyInjection/PhpArrayContainer.php on line 79 #0 /var/www/html/core/lib/Drupal/Core/Database/Driver/mysql/Connection.php(420): PDO->__construct('mysql:host=172....', 'root', 'root_password', Array)
#1 /var/www/html/core/lib/Drupal/Core/Database/Database.php(371): Drupal\Core\Database\Driver\mysql\Connection::open(Array)
#2 /var/www/html/core/lib/Drupal/Core/Database/Database.php(166): Drupal\Core\Database\Database::openConnection('default', 'default')
#3 [internal function]: Drupal\Core\Database\Database::getConnection('default')
#4 /var/www/html/core/lib/Drupal/Component/DependencyInjection/PhpArrayContainer.php(79): call_user_func_array('Drupal\\Core\\Dat...', Array)
#5 /var/www/html/core/lib/Drupal/Component/DependencyInjection/Container.php(173): Drupal\Component\DependencyInjection\PhpArrayContainer->createService(Array, 'database')
#6 /var/www/html/core/lib/Drupal/Component/DependencyInjection/PhpArrayContainer.php(260): Drupal\Component\DependencyInjection\Container->get('database', 1)
#7 /var/www/html/core/lib/Drupal/Component/DependencyInjection/PhpArrayContainer.php(62): Drupal\Component\DependencyInjection\PhpArrayContainer->resolveServicesAndParameters(Array)
#8 /var/www/html/core/lib/Drupal/Component/DependencyInjection/Container.php(173): Drupal\Component\DependencyInjection\PhpArrayContainer->createService(Array, 'cache.container')
#9 /var/www/html/core/lib/Drupal/Core/DrupalKernel.php(543): Drupal\Component\DependencyInjection\Container->get('cache.container')
#10 /var/www/html/core/lib/Drupal/Core/DrupalKernel.php(904): Drupal\Core\DrupalKernel->getCachedContainerDefinition()
#11 /var/www/html/core/lib/Drupal/Core/DrupalKernel.php(476): Drupal\Core\DrupalKernel->initializeContainer()
#12 /var/www/html/core/lib/Drupal/Core/DrupalKernel.php(692): Drupal\Core\DrupalKernel->boot()
#13 /var/www/html/index.php(23): Drupal\C
2023/09/21 19:01:18 [error] 7#7: *60 FastCGI sent in stderr: "PHP message: PDOException: SQLSTATE[HY000] [2002] Connection refused in /var/www/html/core/lib/Drupal/Component/DependencyInjection/PhpArrayContainer.php on line 79 #0 /var/www/html/core/lib/Drupal/Core/Database/Driver/mysql/Connection.php(420): PDO->__construct('mysql:host=172....', 'root', 'root_password', Array)
#1 /var/www/html/core/lib/Drupal/Core/Database/Database.php(371): Drupal\Core\Database\Driver\mysql\Connection::open(Array)
#2 /var/www/html/core/lib/Drupal/Core/Database/Database.php(166): Drupal\Core\Database\Database::openConnection('default', 'default')
#3 [internal function]: Drupal\Core\Database\Database::getConnection('default')
#4 /var/www/html/core/lib/Drupal/Component/DependencyInjection/PhpArrayContainer.php(79): call_user_func_array('Drupal\\Core\\Dat...', Array)
#5 /var/www/html/core/lib/Drupal/Component/DependencyInjection/Container.php(173): Drupal\Component\DependencyInjection\PhpArrayContainer->createService(Array, 'database')
#6 /var/www/html/core/lib/Drupal/Component/DependencyInjection/PhpArrayContainer.php(260): Drupal\Component\DependencyInjection\Container->get('database', 1)
#7 /var/www/html/core/lib/Drupal/Component/DependencyInjection/PhpArrayContainer.php(62): Drupal\Component\DependencyInjection\PhpArrayContainer->resolveServicesAndParameters(Array)
#8 /var/www/html/core/lib/Drupal/Component/DependencyInjection/Container.php(173): Drupal\Component\DependencyInjection\PhpArrayContainer->createService(Array, 'cache.container')
#9 /var/www/html/core/lib/Drupal/Core/DrupalKernel.php(543): Drupal\Component\DependencyInjection\Container->get('cache.container')
#10 /var/www/html/core/lib/Drupal/Core/DrupalKernel.php(904): Drupal\Core\DrupalKernel->getCachedContainerDefinition()
#11 /var/www/html/core/lib/Drupal/Core/DrupalKernel.php(476): Drupal\Core\DrupalKernel->initializeContainer()
#12 /var/www/html/core/lib/Drupal/Core/DrupalKernel.php(692): Drupal\Core\DrupalKernel->boot()
#13 /var/www/html/index.php(23): Drupal\C
